      20180101010316725025N093666E00634WIMD31LIMD00     MANIPUR, INDIA                          
      20180101021601237320N071236E10043WIMD38LIMD42bNEI Gorno-Badakhshan, Tajikistan            
      20180101054014636978N070984E09749bIMD45WIMD45bNEI HINDU KUSH REGION, AFGHANISTAN          
      20180101160102926700N092458E06036LIMD30WIMD00     ASSAM, INDIA                            
      20180101205146219825N073269E01035WIMD28LIMD00     MAHARASHTRA, INDIA                      
      20180102000944236266N070004E19346bIMD00    45bNEI HINDU KUSH REGION, AFGHANISTAN          
      20180102204754008003N091482E03345bIMD00    49bNEI Nicobar Islands, India region           
      20180102214248737140N072250E32241WIMD38LIMD42bNEI Gorno-Badakhshan, Tajikistan            
      20180102231601839534N072483E05845bIMD41LIMD45bNEI Gorno-Badakhshan, Tajikistan            
      20180103172833730604N097060E01041WIMD38bIMD45bNEI Xizang, China                           
      20180103213554724253N097988E02447bIMD00    46bNEI Yunnan, China                           
      20180104150034925055N096689E00944WIMD36LIMD44bNEI Kachin, Myanmar                         
      20180104160007939361N073461E01042WIMD35LIMD43bNEI Gorno-Badakhshan, Tajikistan            
      20180104195352538626N074403E21641LIMD00    00     Gorno-Badakhshan, Tajikistan            
      20180104195732507151N095807E25648bIMD00    47bNEI Nicobar Islands, India region           
      20180105071104925908N092498E01039LIMD33WIMD00     ASSAM, INDIA                            
      20180105075250738036N074475E25640LIMD00    41bNEI Gorno-Badakhshan, Tajikistan            
      20180105202307026094N092222E01232LIMD00    00     MEGHALAYA-ASSAM BORD.REG.               
      20180106090158726336N092970E03433LIMD00    00     ASSAM, INDIA                            
      20180106195510838030N078625E01041WIMD35LIMD40bNEI Xinjiang Uygur, China                   
      20180106225653017527N095121E01038WIMD38LIMD41bNEI Myanmar                                 
      20180107064714624705N094543E00958bIMD56WIMD59bNEI Sagaing, Myanmar                        
      20180108094306836393N070928E27842LIMD00    41bNEI HINDU KUSH REGION, AFGHANISTAN          
      20180108215516236508N070960E20238LIMD00    40bNEI HINDU KUSH REGION, AFGHANISTAN          
      20180109000550037938N072877E10253LIMD50bIMD50bNEI Gorno-Badakhshan, Tajikistan            
      20180109125532932861N076161E00529LIMD00    00     HIMACHAL PRADESH, INDIA                 
      20180109192017025495N090438E01530WIMD28LIMD00     MEGHALAYA, INDIA                        
      20180109193212029111N069539E01035LIMD00    00     PAKISTAN                                
      20180111182626518232N095985E01060bIMD58WIMD60bNEI Myanmar                                 
      20180111183026718468N095802E01052bIMD00    52bNEI Myanmar                                 
      20180111183815618381N096086E01054WIMD00    53bNEI Myanmar                                 
      20180111184302018233N096084E01051bIMD00    00     Myanmar                                 
      20180111184401618226N095943E01051bIMD00    52bNEI Myanmar                                 
      20180111185309818476N095805E01046bIMD00    46bNEI Myanmar                                 
      20180111185506618327N096040E01046bIMD00    47bNEI Myanmar                                 
      20180111200832518224N096511E01048bIMD00    46bNEI Myanmar                                 
      20180111223042018232N096455E01043bIMD00    43bNEI Myanmar                                 
      20180112034048238986N069867E02649bIMD00    49bNEI Tajikistan                              
      20180112041558018256N096820E01048bIMD00    44bNEI Myanmar                                 
      20180112072947424875N095281E12845bIMD42WIMD43bNEI Sagaing, Myanmar                        
      20180112152358918219N096022E01048bIMD00    49bNEI Myanmar                                 
      20180113082030822773N092378E01525LIMD00    00     BANGLADESH-INDIA(MIZORAM) BORD. REGION  
      20180113135107318076N097027E01047bIMD00    44bNEI Myanmar                                 
      20180113232947218291N096250E01048bIMD00    46bNEI Myanmar                                 
      20180114024538536784N071724E26245LIMD00    42bNEI LOCALITY:                               
      20180114091923536720N070357E15559bIMD54WIMD58bNEI HINDU KUSH REGION, AFGHANISTAN          
      20180114154808512170N092299E01847bIMD00    47bNEI Andaman Islands, India region           
      20180114175000518395N095706E01046WIMD00    47bNEI Myanmar                                 
      20180115025842938945N074236E05041LIMD00    45bNEI Gorno-Badakhshan, Tajikistan            
      20180116035150704603N086866E01442bIMD00    43bNEI North Indian Ocean                      
      20180116073531817283N073706E00534LIMD00    00     KOYNA REGION, MAHA., INDIA              
      20180116112302224702N094847E12041LIMD00    40bNEI Sagaing, Myanmar                        
      20180116152122836757N071383E21843LIMD00    42bNEI HINDU KUSH REGION, AFGHANISTAN          
      20180117012522834557N086739E01052bIMD00    51bNEI Xizang, China                           
      20180117034815038021N074711E24542LIMD00    43bNEI Gorno-Badakhshan, Tajikistan            
      20180117073443737088N072057E26339LIMD00    40bNEI Gorno-Badakhshan, Tajikistan            
      20180117074321718114N096912E01042bIMD00    40bNEI Gorno-Badakhshan, Tajikistan            
      20180117195249036285N070829E08243LIMD00    42bNEI HINDU KUSH REGION, AFGHANISTAN          
      20180118020331125270N095021E08043WIMD41LIMD45bNEI Sagaing, Myanmar                        
      20180119002028737191N072154E12746LIMD44bIMD42bNEI Gorno-Badakhshan, Tajikistan            
      20180119144114636948N076929E01041WIMD00    41bNEI Xinjiang Uygur, China                   
      20180119201113625000N094780E12738WIMD37LIMD00     MYANMAR-INDIA(MANIPUR) BORD. REGION     
      20180120011427126249N089878E01044bIMD00    45bNEI Assam, India                            
      20180120015503436382N070709E28340LIMD00    42bNEI HINDU KUSH REGION, AFGHANISTAN          
      20180120100648924028N094299E11143LIMD41WIMD42bNEI Sagaing, Myanmar                        
      20180121060645017188N073719E00533LIMD00    00     KOYNA REGION, MAHA., INDIA              
      20180122002530038396N078194E03341WIMD40LIMD41bNEI Xinjiang Uygur, China                   
      20180122073803218290N095597E01047bIMD00    47bNEI Myanmar                                 
      20180123130208321247N070530E01036LIMD00    00     GUJARAT, INDIA                          
      20180124065658001819N096507E03350bIMD00    49bNEI Simeulue, Indonesia                     
      20180124110146014102N092861E01040WIMD38LIMD43bNEI Andaman Islands, India region           
      20180124192137722952N094511E10042LIMD00    46bNEI Sagaing, Myanmar                        
      20180125011558908420N091609E01061BIMD56WIMD60bNEI Nicobar Islands, India region           
      20180125034827608251N091775E01052BIMD50WIMD53bNEI Nicobar Islands, India region           
      20180125204258533268N083555E01041WIMD37LIMD40bNEI Xizang, China                           
      20180126111815135918N069513E10045LIMD00    44bNEI HINDU KUSH REGION, AFGHANISTAN          
      20180127171914136632N070505E10041WIMD37LIMD40bNEI HINDU KUSH REGION, AFGHANISTAN          
      20180127214656524649N094385E06832WIMD31LIMD00     MANIPUR, INDIA                          
      20180128155423236261N071212E18941WIMD39LIMD42bNEI HINDU KUSH REGION, AFGHANISTAN          
      20180128210252425381N090294E01531LIMD00    00     MEGHALAYA, INDIA                        
      20180130141514824625N089445E01042WIMD40LIMD44bNEI Rajshahi, Bangladesh                    
      20180131045852226444N066665E03548bIMD00    47bNEI Baluchistan, Pakistan                   
      20180131055726025919N066112E01045WIMD42LIMD43bNEI Baluchistan, Pakistan                   
      20180131070700336534N070843E19362bIMD62WIMD59bNEI HINDU KUSH REGION, AFGHANISTAN          
      20180131110134736652N070167E20040LIMD00    40bNEI HINDU KUSH REGION, AFGHANISTAN          
